Project Audit & Status Log
==========================

Date: July 5, 2025 (Updated)

### Current Project Analysis

## Development Progress Status

### 1. Core Chat Functionality
**Status:** 100% Complete
- ✅ Real-time messaging (Socket.IO)
- ✅ Room pairing (2 users per room)
- ✅ Message persistence (PostgreSQL)
- ✅ Message history retrieval
- ✅ User join/leave/room management
- ✅ Tab switching and reconnection handling
- ✅ Frontend UI/UX (chat, user list, system messages)

### 2. Authentication System
**Status:** 70% Complete
- ✅ User registration/login
- ✅ JWT authentication
- ✅ Password hashing (bcrypt)
- ✅ Basic input validation
- ❌ OAuth integration (Google, Facebook)
- ❌ Password reset functionality
- ❌ Email verification

### 3. Database Setup
**Status:** 100% Complete
- ✅ PostgreSQL connection/config
- ✅ User/message tables
- ✅ .env for credentials
- ❌ Migrations (recommended for future)
- ❌ Backup strategy (recommended for future)

### 4. Security
**Status:** 95% Complete
- ✅ HTTPS ready (needs SSL cert)
- ✅ JWT auth, password hashing, CORS
- ✅ Rate limiting
- ✅ Security headers (helmet, etc.)
- ✅ Input sanitization
- ✅ CSRF protection (enabled and implemented in frontend)
- ✅ XSS/SQLi hardening (beyond basics)

### 4. Security Hardening
**Status:** 90% Complete
- ✅ Input sanitization for REST endpoints and Socket.IO events
- ✅ Parameterized queries for SQL injection protection
- ✅ Basic XSS protection (HTML tag stripping)
- ✅ Messages table created with appropriate indexing
- ✅ Review and test all endpoints for edge cases
- ⏳ Consider adding more advanced sanitization or validation libraries

### 5. Testing
**Status:** 30% Complete
- ✅ Basic unit tests for authentication
- ✅ Test setup and configuration
- ❌ Integration tests
- ❌ E2E tests
- ❌ Test automation

### 6. Error Handling & Logging
**Status:** 75% Complete
- ✅ Basic error responses
- ✅ Centralized logging with Winston
- ✅ Error monitoring with Sentry
- ✅ Structured logging with levels and formats
- ❌ User-friendly error pages
- Note: Winston and Sentry are now fully integrated for logging and monitoring.

### 7. Performance & Caching
**Status:** 65% Complete
- ✅ Express.js foundation
- ✅ Query optimization (PostgreSQL indexes)
- ✅ GZIP compression (via compression middleware)
- ✅ CDN integration prepared (see cdn-setup-guide.md)
- ✅ Asset minification scripts added (npm run minify)
- ❌ Caching (Redis, etc.)

### 8. Deployment & Scalability
**Status:** 50% Complete
- ✅ .env config
- ✅ Procfile for Heroku deployment
- ✅ Deployment documentation (in README.md)
- ✅ Node engine specification
- ❌ Docker, CI/CD, load balancing, scaling

### 9. Monitoring & Analytics
**Status:** 40% Complete
- ✅ Application monitoring with Sentry
- ✅ Error tracking and alerting
- ✅ Structured logging for analysis
- ❌ Performance monitoring
- ❌ Usage analytics
- Note: Sentry and Winston are active for error and event monitoring.

### 10. Documentation
**Status:** 85% Complete
- ✅ README.md expanded
- ✅ CHANGELOG.md created
- ✅ Deployment guide (in README.md)
- ✅ CDN setup guide
- ❌ API docs

### 11. Accessibility & Internationalization
**Status:** 0% Complete
- ❌ WCAG compliance, i18n, screen reader support

### 12. Legal & Compliance
**Status:** 50% Complete
- ✅ Proprietary license added
- ❌ Privacy policy, terms, GDPR

### 13. Development Tools
**Status:** 30% Complete
- ✅ .env, hash.js
- ❌ Linting, formatting, build tools

---

## Completion Summary
- **Core Chat Functionality:** 100%
- **Production/Enterprise Readiness:** ~50-60%
- **Overall Project Readiness:** ~70%

---

## Critical To-Do List

### High Priority
- [x] Add automated tests (unit, integration, E2E) - Basic tests added
- [x] Set up error logging/monitoring - Implemented Winston and Sentry
- [x] Harden security (XSS/SQLi hardening) - Implemented input sanitization & parameterized queries
- [x] Database optimization - Added indexes for message queries
- [x] Asset minification and CDN integration prepared (npm run minify, cdn-setup-guide.md, HTML updated)
- [ ] Add caching with Redis for improved performance
- [ ] Add legal/compliance docs (privacy policy, terms)
- [ ] Integrate advanced monitoring (Prometheus, Grafana, New Relic)
- [ ] Implement usage analytics (Google Analytics, Mixpanel)

### Medium Priority
- [x] Improve documentation (API docs, deployment guide) - Deployment guide and CDN setup added, README/CHANGELOG updated
- [ ] Add password reset, OAuth, email verification
- [ ] Add Docker/CI/CD
- [ ] Add accessibility/i18n
- [ ] Add localization/internationalization support

---

## Next Steps for Public/Enterprise Deployment
- Finalize legal/compliance documentation.
- Integrate advanced monitoring and analytics.
- Expand automated test coverage and CI/CD.
- Add localization/internationalization if needed.
- Continue security hardening and performance optimization.

---

The core chat app is robust and production-ready for internal/demo use. For public/enterprise deployment, focus on security, testing, monitoring, and compliance next.
